2022-11-11 09:35:29,264 - INFO - Started server process [9920]
2022-11-11 09:35:29,264 - INFO - Waiting for application startup.
2022-11-11 09:35:29,265 - INFO - Application startup complete.
2022-11-11 09:35:49,306 - INFO - Se ha consultado los pacientes que hay
2022-11-11 09:35:49,306 - DEBUG - Estos son los pacientes que se han consultado: []
2022-11-11 09:35:49,366 - DEBUG - Se intenta crear un paciente con {'id_paciente': 500, 'nombre_paciente': 'Nombre', 'apellidos_paciente': 'Apellidos', 'numero_historial_clinico': 123456, 'domicilio': 'Calle sin Nombre 123', 'poblacion_provincia': 'Madrid,MAdsrid', 'telefono': '516321456'}
2022-11-11 09:35:49,500 - INFO - Se ha creado un paciente con {'id_paciente': 500, 'nombre_paciente': 'Nombre', 'apellidos_paciente': 'Apellidos', 'numero_historial_clinico': 123456, 'domicilio': 'Calle sin Nombre 123', 'poblacion_provincia': 'Madrid,MAdsrid', 'telefono': '516321456'}
2022-11-11 09:35:49,619 - DEBUG - Paciente que se intenta buscar:(500, 'Nombre', 'Apellidos', 123456, 'Calle sin Nombre 123', 'Madrid,MAdsrid', '516321456')
2022-11-11 09:35:49,619 - INFO - Se ha buscado al paciente con el id 500
2022-11-11 09:35:49,869 - DEBUG - Se intentan modificar los datos del paciente 500
2022-11-11 09:35:49,921 - DEBUG - Estos son los datos que se introducen (500, 'Nombre', 'Apellidos', 123456, 'Calle sin Nombre 123', 'Madrid,Madrid', '516321456')
2022-11-11 09:35:49,921 - INFO - Se han modificado los datos del paciente con id 500
2022-11-11 09:35:50,077 - DEBUG - Paciente que se intenta buscar:(500, 'Nombre', 'Apellidos', 123456, 'Calle sin Nombre 123', 'Madrid,Madrid', '516321456')
2022-11-11 09:35:50,077 - INFO - Se ha buscado al paciente con el id 500
2022-11-11 09:35:50,204 - INFO - Se ha consultado los doctores que hay
2022-11-11 09:35:50,205 - DEBUG - Estos son los dotores que se han consultado: []
2022-11-11 09:35:50,232 - DEBUG - Se intenta crear un doctor con {'id_doctor': 500, 'nombre': 'Nombre Doctor', 'apellidos': 'Apellidos Doctor', 'sexo': 'Mujer', 'fecha_nacimiento': datetime.date(1951, 10, 25), 'especialidad': 'Especialidad Doctor', 'numero_colegiado': 123456, 'cargo': 'Cargo Doctor'}
2022-11-11 09:35:50,384 - INFO - Se ha creado un paciente con {'id_doctor': 500, 'nombre': 'Nombre Doctor', 'apellidos': 'Apellidos Doctor', 'sexo': 'Mujer', 'fecha_nacimiento': datetime.date(1951, 10, 25), 'especialidad': 'Especialidad Doctor', 'numero_colegiado': 123456, 'cargo': 'Cargo Doctor'}
2022-11-11 09:35:50,437 - DEBUG - Doctor que se intenta buscar:(500, 'Nombre Doctor', 'Apellidos Doctor', 'Mujer', datetime.date(1951, 10, 25), 'Especialidad Doctor', 123456, 'Cargo Doctor')
2022-11-11 09:35:50,437 - INFO - Se ha buscado al doctor con el id 500
2022-11-11 09:35:50,694 - DEBUG - Se intentan modificar los datos del doctor con id 500
2022-11-11 09:35:50,896 - DEBUG - Estos son los datos que se introducen (500, 'Nombre Doctor', 'Apellidos Doctor', 'Mujer', datetime.date(1951, 10, 25), 'Especialidad Doctor', 123456, 'Cargo Doctor actualizado')
2022-11-11 09:35:50,896 - INFO - Se han modificado los datos del doctor con id 500
2022-11-11 09:35:51,155 - DEBUG - Doctor que se intenta buscar:(500, 'Nombre Doctor', 'Apellidos Doctor', 'Mujer', datetime.date(1951, 10, 25), 'Especialidad Doctor', 123456, 'Cargo Doctor actualizado')
2022-11-11 09:35:51,155 - INFO - Se ha buscado al doctor con el id 500
2022-11-11 09:35:51,408 - INFO - Se ha consultado las citas que hay
2022-11-11 09:35:51,408 - DEBUG - Estas son las citas que se han consultado: []
2022-11-11 09:35:51,468 - DEBUG - Se intenta crear una cita con {'fecha': datetime.date(2022, 10, 27), 'direccion': 'La direccion tal', 'id_paciente': 500, 'id_doctor': 500}
2022-11-11 09:35:51,642 - INFO - Se ha creado una cita con {'fecha': datetime.date(2022, 10, 27), 'direccion': 'La direccion tal', 'id_paciente': 500, 'id_doctor': 500}
2022-11-11 09:35:51,742 - DEBUG - Cita que se intenta buscar:(500, 500, datetime.date(2022, 10, 27), 'La direccion tal')
2022-11-11 09:35:51,743 - INFO - Se ha buscado las citas del paciente con id 500
2022-11-11 09:35:52,022 - DEBUG - Se intentan modificar las citas del paciente con id 500
2022-11-11 09:35:52,076 - DEBUG - Estos son los datos que se introducen en la cita (500, 500, datetime.date(2022, 10, 27), 'La direccion actualizada')
2022-11-11 09:35:52,076 - INFO - Se han modificado las citas del paciente con id 500
2022-11-11 09:35:52,278 - DEBUG - Cita que se intenta buscar:(500, 500, datetime.date(2022, 10, 27), 'La direccion actualizada')
2022-11-11 09:35:52,278 - INFO - Se ha buscado las citas del paciente con id 500
2022-11-11 09:35:52,459 - INFO - Se han borrado las citas del paciente con id 500
2022-11-11 09:35:52,586 - INFO - Se han borrado los datos del paciente con id 500
2022-11-11 09:35:52,738 - INFO - Se han borrado los datos del doctor con id 500
